{"level":"info","message":"Server running on port 3000","timestamp":"2025-01-21T14:10:34.572Z"}
{"level":"info","message":"Server running on port 3000","timestamp":"2025-01-21T14:15:19.761Z"}
{"level":"info","message":"Server running on port 3000","timestamp":"2025-01-21T14:15:26.024Z"}
{"level":"info","message":"Data refresh scheduler initialized","timestamp":"2025-01-21T14:16:37.946Z"}
{"level":"info","message":"Server running on port 3000","timestamp":"2025-01-21T14:16:37.950Z"}
{"level":"info","message":"Starting scheduled data refresh","timestamp":"2025-01-21T14:17:00.970Z"}
{"level":"info","message":"Loaded 7 records from CSV","timestamp":"2025-01-21T14:17:01.014Z"}
{"level":"info","message":"Processed batch 1","timestamp":"2025-01-21T14:17:01.183Z"}
{"errorCount":0,"level":"info","message":"Scheduled data refresh completed","recordsProcessed":7,"timestamp":"2025-01-21T14:17:01.183Z"}
{"level":"info","message":"Starting scheduled data refresh","timestamp":"2025-01-21T14:18:00.066Z"}
{"level":"info","message":"Loaded 7 records from CSV","timestamp":"2025-01-21T14:18:00.078Z"}
{"level":"info","message":"Processed batch 1","timestamp":"2025-01-21T14:18:00.186Z"}
{"errorCount":0,"level":"info","message":"Scheduled data refresh completed","recordsProcessed":7,"timestamp":"2025-01-21T14:18:00.187Z"}
{"level":"info","message":"Starting scheduled data refresh","timestamp":"2025-01-21T14:19:00.130Z"}
{"level":"info","message":"Loaded 7 records from CSV","timestamp":"2025-01-21T14:19:00.136Z"}
{"level":"info","message":"Processed batch 1","timestamp":"2025-01-21T14:19:00.230Z"}
{"errorCount":0,"level":"info","message":"Scheduled data refresh completed","recordsProcessed":7,"timestamp":"2025-01-21T14:19:00.231Z"}
{"level":"info","message":"Starting scheduled data refresh","timestamp":"2025-01-21T14:20:00.192Z"}
{"level":"info","message":"Loaded 7 records from CSV","timestamp":"2025-01-21T14:20:00.198Z"}
{"level":"info","message":"Processed batch 1","timestamp":"2025-01-21T14:20:00.285Z"}
{"errorCount":0,"level":"info","message":"Scheduled data refresh completed","recordsProcessed":7,"timestamp":"2025-01-21T14:20:00.285Z"}
{"level":"info","message":"Data refresh scheduler initialized","timestamp":"2025-01-21T14:20:52.542Z"}
{"level":"info","message":"Server running on port 3000","timestamp":"2025-01-21T14:20:52.546Z"}
{"level":"info","message":"Data refresh scheduler initialized","timestamp":"2025-01-21T14:20:59.696Z"}
{"level":"info","message":"Server running on port 3000","timestamp":"2025-01-21T14:20:59.701Z"}
{"level":"info","message":"Starting scheduled data refresh","timestamp":"2025-01-21T14:21:00.697Z"}
{"level":"info","message":"Loaded 7 records from CSV","timestamp":"2025-01-21T14:21:00.707Z"}
{"level":"info","message":"Processed batch 1","timestamp":"2025-01-21T14:21:00.786Z"}
{"errorCount":0,"level":"info","message":"Scheduled data refresh completed","recordsProcessed":7,"timestamp":"2025-01-21T14:21:00.787Z"}
{"level":"info","message":"Data refresh scheduler initialized","timestamp":"2025-01-21T14:21:09.160Z"}
{"level":"info","message":"Server running on port 3000","timestamp":"2025-01-21T14:21:09.167Z"}
{"level":"info","message":"Starting scheduled data refresh","timestamp":"2025-01-21T14:22:00.210Z"}
{"level":"info","message":"Loaded 7 records from CSV","timestamp":"2025-01-21T14:22:00.230Z"}
{"level":"info","message":"Processed batch 1","timestamp":"2025-01-21T14:22:00.386Z"}
{"errorCount":0,"level":"info","message":"Scheduled data refresh completed","recordsProcessed":7,"timestamp":"2025-01-21T14:22:00.388Z"}
{"level":"info","message":"Starting scheduled data refresh","timestamp":"2025-01-21T14:23:00.275Z"}
{"level":"info","message":"Loaded 7 records from CSV","timestamp":"2025-01-21T14:23:00.286Z"}
{"level":"info","message":"Processed batch 1","timestamp":"2025-01-21T14:23:00.384Z"}
{"errorCount":0,"level":"info","message":"Scheduled data refresh completed","recordsProcessed":7,"timestamp":"2025-01-21T14:23:00.385Z"}
{"level":"info","message":"Data refresh scheduler initialized","timestamp":"2025-01-21T14:23:15.838Z"}
{"level":"info","message":"Server running on port 3000","timestamp":"2025-01-21T14:23:15.844Z"}
{"level":"info","message":"Data refresh scheduler initialized","timestamp":"2025-01-21T14:23:28.894Z"}
{"level":"info","message":"Server running on port 3000","timestamp":"2025-01-21T14:23:28.899Z"}
{"level":"info","message":"Data refresh scheduler initialized","timestamp":"2025-01-21T14:23:41.978Z"}
{"level":"info","message":"Server running on port 3000","timestamp":"2025-01-21T14:23:41.983Z"}
{"level":"info","message":"Data refresh scheduler initialized","timestamp":"2025-01-21T14:23:53.925Z"}
{"level":"info","message":"Server running on port 3000","timestamp":"2025-01-21T14:23:53.930Z"}
{"level":"info","message":"Data refresh scheduler initialized","timestamp":"2025-01-21T14:24:06.745Z"}
{"level":"info","message":"Server running on port 3000","timestamp":"2025-01-21T14:24:06.750Z"}
{"level":"info","message":"Starting scheduled data refresh","timestamp":"2025-01-21T14:25:00.804Z"}
{"level":"info","message":"Loaded 7 records from CSV","timestamp":"2025-01-21T14:25:00.843Z"}
{"level":"info","message":"Processed batch 1","timestamp":"2025-01-21T14:25:01.058Z"}
{"errorCount":0,"level":"info","message":"Scheduled data refresh completed","recordsProcessed":7,"timestamp":"2025-01-21T14:25:01.059Z"}
{"level":"info","message":"Data refresh scheduler initialized","timestamp":"2025-01-21T14:25:31.023Z"}
{"level":"info","message":"Server running on port 3000","timestamp":"2025-01-21T14:25:31.028Z"}
{"level":"info","message":"Data refresh scheduler initialized","timestamp":"2025-01-21T14:25:42.910Z"}
{"level":"info","message":"Server running on port 3000","timestamp":"2025-01-21T14:25:42.915Z"}
{"level":"info","message":"Data refresh scheduler initialized","timestamp":"2025-01-21T14:25:51.273Z"}
{"level":"info","message":"Server running on port 3000","timestamp":"2025-01-21T14:25:51.277Z"}
{"level":"info","message":"Data refresh scheduler initialized","timestamp":"2025-01-21T14:25:54.872Z"}
{"level":"info","message":"Server running on port 3000","timestamp":"2025-01-21T14:25:54.877Z"}
{"level":"info","message":"Starting scheduled data refresh","timestamp":"2025-01-21T14:26:00.878Z"}
{"level":"info","message":"Loaded 7 records from CSV","timestamp":"2025-01-21T14:26:00.899Z"}
{"level":"info","message":"Processed batch 1","timestamp":"2025-01-21T14:26:01.006Z"}
{"errorCount":0,"level":"info","message":"Scheduled data refresh completed","recordsProcessed":7,"timestamp":"2025-01-21T14:26:01.007Z"}
{"level":"info","message":"Data refresh scheduler initialized","timestamp":"2025-01-21T14:26:08.909Z"}
{"level":"info","message":"Server running on port 3000","timestamp":"2025-01-21T14:26:08.914Z"}
{"level":"info","message":"Data refresh scheduler initialized","timestamp":"2025-01-21T14:26:34.443Z"}
{"level":"info","message":"Server running on port 3000","timestamp":"2025-01-21T14:26:34.447Z"}
{"level":"info","message":"Data refresh scheduler initialized","timestamp":"2025-01-21T14:26:41.122Z"}
{"level":"info","message":"Server running on port 3000","timestamp":"2025-01-21T14:26:41.126Z"}
{"level":"info","message":"Data refresh scheduler initialized","timestamp":"2025-01-21T14:26:46.594Z"}
{"level":"info","message":"Server running on port 3000","timestamp":"2025-01-21T14:26:46.599Z"}
{"level":"info","message":"Data refresh scheduler initialized","timestamp":"2025-01-21T14:26:51.659Z"}
{"level":"info","message":"Server running on port 3000","timestamp":"2025-01-21T14:26:51.663Z"}
{"level":"info","message":"Data refresh scheduler initialized","timestamp":"2025-01-21T14:26:59.757Z"}
{"level":"info","message":"Server running on port 3000","timestamp":"2025-01-21T14:26:59.762Z"}
{"level":"info","message":"Starting scheduled data refresh","timestamp":"2025-01-21T14:27:00.758Z"}
{"level":"info","message":"Loaded 7 records from CSV","timestamp":"2025-01-21T14:27:00.779Z"}
{"level":"info","message":"Processed batch 1","timestamp":"2025-01-21T14:27:00.880Z"}
{"errorCount":0,"level":"info","message":"Scheduled data refresh completed","recordsProcessed":7,"timestamp":"2025-01-21T14:27:00.880Z"}
{"level":"info","message":"Data refresh scheduler initialized","timestamp":"2025-01-21T14:27:06.853Z"}
{"level":"info","message":"Server running on port 3000","timestamp":"2025-01-21T14:27:06.858Z"}
{"level":"info","message":"Data refresh scheduler initialized","timestamp":"2025-01-21T14:27:15.101Z"}
{"level":"info","message":"Server running on port 3000","timestamp":"2025-01-21T14:27:15.105Z"}
{"level":"info","message":"Data refresh scheduler initialized","timestamp":"2025-01-21T14:27:25.836Z"}
{"level":"info","message":"Server running on port 3000","timestamp":"2025-01-21T14:27:25.840Z"}
{"level":"info","message":"Server running on port 3000","timestamp":"2025-01-21T14:28:01.312Z"}
{"level":"info","message":"Server running on port 3000","timestamp":"2025-01-21T14:30:12.079Z"}
{"level":"info","message":"Server running on port 3000","timestamp":"2025-01-21T14:32:27.515Z"}
{"level":"info","message":"Loaded 1506 records from CSV","timestamp":"2025-01-21T14:34:23.920Z"}
{"level":"info","message":"Processed batch 1","timestamp":"2025-01-21T14:34:33.129Z"}
{"level":"info","message":"Processed batch 2","timestamp":"2025-01-21T14:34:37.518Z"}
{"level":"info","message":"Server running on port 3000","timestamp":"2025-01-21T14:37:36.740Z"}
{"level":"info","message":"Loaded 7 records from CSV","timestamp":"2025-01-21T14:38:47.451Z"}
{"level":"info","message":"Processed batch 1","timestamp":"2025-01-21T14:38:47.704Z"}
{"level":"info","message":"Server running on port 3000","timestamp":"2025-01-21T14:42:27.528Z"}
{"level":"info","message":"Server running on port 3000","timestamp":"2025-01-21T14:44:19.837Z"}
{"level":"info","message":"Server running on port 3000","timestamp":"2025-01-21T14:44:31.019Z"}
{"level":"info","message":"Server running on port 3000","timestamp":"2025-01-21T14:44:34.467Z"}
{"level":"info","message":"Server running on port 3000","timestamp":"2025-01-21T14:44:55.513Z"}
{"level":"info","message":"Server running on port 3000","timestamp":"2025-01-21T14:45:49.946Z"}
{"level":"info","message":"Server running on port 3000","timestamp":"2025-01-21T14:45:59.657Z"}
{"level":"info","message":"Server running on port 3000","timestamp":"2025-01-21T16:12:17.037Z"}
{"level":"info","message":"Server running on port 3000","timestamp":"2025-01-21T16:25:30.946Z"}
{"level":"info","message":"Server running on port 3000","timestamp":"2025-01-21T16:26:37.875Z"}
{"level":"info","message":"Server running on port 3000","timestamp":"2025-01-21T16:26:45.986Z"}
{"level":"info","message":"Server running on port 3000","timestamp":"2025-01-21T16:27:43.450Z"}
{"level":"info","message":"Server running on port 3000","timestamp":"2025-01-21T16:28:34.040Z"}
{"level":"info","message":"Server running on port 3000","timestamp":"2025-01-21T16:28:41.386Z"}
{"level":"info","message":"Server running on port 3000","timestamp":"2025-01-21T16:28:50.944Z"}
{"level":"info","message":"Server running on port 3000","timestamp":"2025-01-21T16:31:02.323Z"}
{"level":"info","message":"Server running on port 3000","timestamp":"2025-01-21T16:31:05.216Z"}
{"level":"info","message":"Server running on port 3000","timestamp":"2025-01-21T16:31:14.395Z"}
{"level":"info","message":"Server running on port 3000","timestamp":"2025-01-21T16:31:23.679Z"}
{"level":"info","message":"Server running on port 3000","timestamp":"2025-01-21T16:31:26.084Z"}
{"level":"info","message":"Server running on port 3000","timestamp":"2025-01-21T16:31:28.575Z"}
{"level":"info","message":"Server running on port 3000","timestamp":"2025-01-21T16:31:32.350Z"}
{"level":"info","message":"Server running on port 3000","timestamp":"2025-01-21T16:31:34.895Z"}
{"level":"info","message":"Server running on port 3000","timestamp":"2025-01-21T16:31:39.541Z"}
{"level":"info","message":"Server running on port 3000","timestamp":"2025-01-21T16:32:41.399Z"}
{"level":"info","message":"Server running on port 3000","timestamp":"2025-01-21T16:33:19.691Z"}
{"level":"info","message":"Server running on port 3000","timestamp":"2025-01-21T16:35:38.130Z"}
{"level":"info","message":"Server running on port 3000","timestamp":"2025-01-21T16:35:40.482Z"}
{"level":"info","message":"Server running on port 3000","timestamp":"2025-01-21T16:35:49.458Z"}
{"level":"info","message":"Server running on port 3000","timestamp":"2025-01-21T16:35:54.140Z"}
{"level":"info","message":"Server running on port 3000","timestamp":"2025-01-21T16:35:56.936Z"}
{"level":"info","message":"Server running on port 3000","timestamp":"2025-01-21T16:36:09.331Z"}
{"level":"info","message":"Server running on port 3000","timestamp":"2025-01-21T16:36:55.533Z"}
{"level":"info","message":"Server running on port 3000","timestamp":"2025-01-21T16:37:35.137Z"}
{"level":"info","message":"Server running on port 3000","timestamp":"2025-01-21T16:37:41.568Z"}
{"level":"info","message":"Server running on port 3000","timestamp":"2025-01-21T16:39:06.319Z"}
{"level":"info","message":"Server running on port 3000","timestamp":"2025-01-21T16:41:45.636Z"}
{"level":"info","message":"Server running on port 3000","timestamp":"2025-01-21T16:41:50.912Z"}
{"level":"info","message":"Server running on port 3000","timestamp":"2025-01-21T16:42:13.652Z"}
{"level":"info","message":"Server running on port 3000","timestamp":"2025-01-21T16:42:15.584Z"}
{"level":"info","message":"Server running on port 3000","timestamp":"2025-01-21T16:42:18.535Z"}
{"level":"info","message":"Server running on port 3000","timestamp":"2025-01-21T16:42:23.416Z"}
{"level":"info","message":"Server running on port 3000","timestamp":"2025-01-21T16:42:29.422Z"}
{"level":"info","message":"Server running on port 3000","timestamp":"2025-01-21T16:42:41.959Z"}
{"level":"info","message":"Server running on port 3000","timestamp":"2025-01-21T16:43:00.731Z"}
{"level":"info","message":"Server running on port 3000","timestamp":"2025-01-21T16:43:03.633Z"}
{"level":"info","message":"Server running on port 3000","timestamp":"2025-01-21T16:45:29.172Z"}
{"level":"info","message":"Server running on port 3000","timestamp":"2025-01-21T16:45:31.649Z"}
{"level":"info","message":"Server running on port 3000","timestamp":"2025-01-21T16:48:15.647Z"}
{"level":"info","message":"Server running on port 3000","timestamp":"2025-01-21T16:48:34.102Z"}
{"level":"info","message":"Server running on port 3000","timestamp":"2025-01-21T16:48:48.015Z"}
{"level":"info","message":"Server running on port 3000","timestamp":"2025-01-21T16:48:53.160Z"}
{"level":"info","message":"Server running on port 3000","timestamp":"2025-01-21T16:48:56.746Z"}
{"level":"info","message":"Server running on port 3000","timestamp":"2025-01-21T16:49:01.385Z"}
{"level":"info","message":"Server running on port 3000","timestamp":"2025-01-21T16:49:09.968Z"}
{"level":"info","message":"Server running on port 3000","timestamp":"2025-01-21T16:49:39.373Z"}
{"level":"info","message":"Server running on port 3000","timestamp":"2025-01-21T16:49:47.098Z"}
{"level":"info","message":"Server running on port 3000","timestamp":"2025-01-21T16:50:00.636Z"}
{"level":"info","message":"Server running on port 3000","timestamp":"2025-01-21T16:50:09.710Z"}
{"level":"info","message":"Server running on port 3000","timestamp":"2025-01-21T16:50:12.254Z"}
{"level":"info","message":"Server running on port 3000","timestamp":"2025-01-21T16:50:18.320Z"}
{"level":"info","message":"Server running on port 3000","timestamp":"2025-01-21T16:50:25.081Z"}
{"level":"info","message":"Server running on port 3000","timestamp":"2025-01-21T16:51:03.987Z"}
{"level":"info","message":"Server running on port 3000","timestamp":"2025-01-21T16:51:28.052Z"}
{"level":"info","message":"Server running on port 3000","timestamp":"2025-01-21T16:51:56.580Z"}
{"level":"info","message":"Server running on port 3000","timestamp":"2025-01-21T16:52:12.502Z"}
{"level":"info","message":"Server running on port 3000","timestamp":"2025-01-21T16:52:52.787Z"}
{"level":"info","message":"Server running on port 3000","timestamp":"2025-01-21T16:53:56.538Z"}
{"level":"info","message":"Server running on port 3000","timestamp":"2025-01-21T16:54:53.472Z"}
{"level":"info","message":"Server running on port 3000","timestamp":"2025-01-21T16:54:56.314Z"}
{"level":"info","message":"Server running on port 3000","timestamp":"2025-01-21T16:54:59.879Z"}
{"level":"info","message":"Server running on port 3000","timestamp":"2025-01-21T16:55:03.630Z"}
{"level":"info","message":"Server running on port 3000","timestamp":"2025-01-21T16:55:41.457Z"}
